2023-05-22 04:06:46 - Neovide panicked with the message 'Could not setup setting notifier for cursor_animate_in_insert_mode: Error sending request 'nvim_command''. (File: src/error_handling.rs; Line: 5, Column: 5)
   0: <unknown>
   1: <unknown>
   2: <unknown>
   3: <unknown>
   4: <unknown>
   5: <unknown>
   6: <unknown>
   7: <unknown>
   8: <unknown>
   9: <unknown>
  10: <unknown>
  11: <unknown>
  12: <unknown>
  13: <unknown>
  14: <unknown>
  15: <unknown>

2023-05-22 04:06:46 - Neovide panicked with the message 'called `Result::unwrap()` on an `Err` value: SendError(Serial(Keyboard(":")))'. (File: src/event_aggregator.rs; Line: 55, Column: 28)
   0: <unknown>
   1: <unknown>
   2: <unknown>
   3: <unknown>
   4: <unknown>
   5: <unknown>
   6: <unknown>
   7: <unknown>
   8: <unknown>
   9: <unknown>
  10: <unknown>
  11: <unknown>
  12: <unknown>
  13: <unknown>
  14: <unknown>
  15: <unknown>
  16: <unknown>
  17: <unknown>
  18: __libc_start_main
  19: <unknown>

2023-06-01 21:38:00 - Neovide panicked with the message 'Focus Gained Failed: DecodeError(ReaderError(Custom { kind: UnexpectedEof, error: "EOF" }), "nvim_command")'. (File: src/bridge/ui_commands.rs; Line: 147, Column: 18)
   0: <unknown>
   1: <unknown>
   2: <unknown>
   3: <unknown>
   4: <unknown>
   5: <unknown>
   6: <unknown>
   7: <unknown>
   8: <unknown>
   9: <unknown>
  10: <unknown>
  11: <unknown>
  12: <unknown>
  13: <unknown>
  14: <unknown>
  15: <unknown>

